mode: set
github.com/shwethadia/HotelReservation/internal/forms/errors.go:8.44,12.2 1 1
github.com/shwethadia/HotelReservation/internal/forms/errors.go:15.42,19.18 2 1
github.com/shwethadia/HotelReservation/internal/forms/errors.go:23.2,23.14 1 1
github.com/shwethadia/HotelReservation/internal/forms/errors.go:19.18,22.3 1 1
github.com/shwethadia/HotelReservation/internal/forms/forms.go:18.29,22.2 1 1
github.com/shwethadia/HotelReservation/internal/forms/forms.go:25.33,32.2 1 1
github.com/shwethadia/HotelReservation/internal/forms/forms.go:35.43,37.31 1 1
github.com/shwethadia/HotelReservation/internal/forms/forms.go:37.31,40.37 2 1
github.com/shwethadia/HotelReservation/internal/forms/forms.go:40.37,43.4 1 1
github.com/shwethadia/HotelReservation/internal/forms/forms.go:49.39,52.13 2 1
github.com/shwethadia/HotelReservation/internal/forms/forms.go:58.2,58.13 1 1
github.com/shwethadia/HotelReservation/internal/forms/forms.go:52.13,56.3 1 1
github.com/shwethadia/HotelReservation/internal/forms/forms.go:63.57,66.21 2 1
github.com/shwethadia/HotelReservation/internal/forms/forms.go:72.2,72.13 1 1
github.com/shwethadia/HotelReservation/internal/forms/forms.go:66.21,70.3 2 1
github.com/shwethadia/HotelReservation/internal/forms/forms.go:76.38,78.40 1 1
github.com/shwethadia/HotelReservation/internal/forms/forms.go:78.40,82.3 2 1
